Classic Timing Analyzer report for display_extend
Mon Oct 29 19:42:41 2018
Quartus II Version 9.0 Build 132 02/25/2009 SJ Full Version


---------------------
; Table of Contents ;
---------------------
  1. Legal Notice
  2. Timing Analyzer Summary
  3. Timing Analyzer Settings
  4. Parallel Compilation
  5. tpd
  6. Timing Analyzer Messages



----------------
; Legal Notice ;
----------------
Copyright (C) 1991-2009 Altera Corporation
Your use of Altera Corporation's design tools, logic functions 
and other software and tools, and its AMPP partner logic 
functions, and any output files from any of the foregoing 
(including device programming or simulation files), and any 
associated documentation or information are expressly subject 
to the terms and conditions of the Altera Program License 
Subscription Agreement, Altera MegaCore Function License 
Agreement, or other applicable license agreement, including, 
without limitation, that your use is for the sole purpose of 
programming logic devices manufactured by Altera and sold by 
Altera or its authorized distributors.  Please refer to the 
applicable agreement for further details.



+------------------------------------------------------------------------------------------------------------------------------+
; Timing Analyzer Summary                                                                                                      ;
+------------------------------+-------+---------------+-------------+--------+---------+------------+----------+--------------+
; Type                         ; Slack ; Required Time ; Actual Time ; From   ; To      ; From Clock ; To Clock ; Failed Paths ;
+------------------------------+-------+---------------+-------------+--------+---------+------------+----------+--------------+
; Worst-case tpd               ; N/A   ; None          ; 17.195 ns   ; SW[13] ; HEX7[5] ; --         ; --       ; 0            ;
; Total number of failed paths ;       ;               ;             ;        ;         ;            ;          ; 0            ;
+------------------------------+-------+---------------+-------------+--------+---------+------------+----------+--------------+


+--------------------------------------------------------------------------------------------------------------------+
; Timing Analyzer Settings                                                                                           ;
+---------------------------------------------------------------------+--------------------+------+----+-------------+
; Option                                                              ; Setting            ; From ; To ; Entity Name ;
+---------------------------------------------------------------------+--------------------+------+----+-------------+
; Device Name                                                         ; EP2C35F672C6       ;      ;    ;             ;
; Timing Models                                                       ; Final              ;      ;    ;             ;
; Default hold multicycle                                             ; Same as Multicycle ;      ;    ;             ;
; Cut paths between unrelated clock domains                           ; On                 ;      ;    ;             ;
; Cut off read during write signal paths                              ; On                 ;      ;    ;             ;
; Cut off feedback from I/O pins                                      ; On                 ;      ;    ;             ;
; Report Combined Fast/Slow Timing                                    ; Off                ;      ;    ;             ;
; Ignore Clock Settings                                               ; Off                ;      ;    ;             ;
; Analyze latches as synchronous elements                             ; On                 ;      ;    ;             ;
; Enable Recovery/Removal analysis                                    ; Off                ;      ;    ;             ;
; Enable Clock Latency                                                ; Off                ;      ;    ;             ;
; Use TimeQuest Timing Analyzer                                       ; Off                ;      ;    ;             ;
; Minimum Core Junction Temperature                                   ; 0                  ;      ;    ;             ;
; Maximum Core Junction Temperature                                   ; 85                 ;      ;    ;             ;
; Number of source nodes to report per destination node               ; 10                 ;      ;    ;             ;
; Number of destination nodes to report                               ; 10                 ;      ;    ;             ;
; Number of paths to report                                           ; 200                ;      ;    ;             ;
; Report Minimum Timing Checks                                        ; Off                ;      ;    ;             ;
; Use Fast Timing Models                                              ; Off                ;      ;    ;             ;
; Report IO Paths Separately                                          ; Off                ;      ;    ;             ;
; Perform Multicorner Analysis                                        ; On                 ;      ;    ;             ;
; Reports the worst-case path for each clock domain and analysis      ; Off                ;      ;    ;             ;
; Removes common clock path pessimism (CCPP) during slack computation ; Off                ;      ;    ;             ;
; Output I/O Timing Endpoint                                          ; Near End           ;      ;    ;             ;
+---------------------------------------------------------------------+--------------------+------+----+-------------+


+------------------------------------------+
; Parallel Compilation                     ;
+----------------------------+-------------+
; Processors                 ; Number      ;
+----------------------------+-------------+
; Number detected on machine ; 2           ;
; Maximum allowed            ; 2           ;
;                            ;             ;
; Average used               ; 1.00        ;
; Maximum used               ; 1           ;
;                            ;             ;
; Usage by Processor         ; % Time Used ;
;     1 processor            ; 100.0%      ;
;     2 processors           ;   0.0%      ;
+----------------------------+-------------+


+------------------------------------------------------------------------------------------------------------------------------------+
; tpd                                                                                                                                ;
+-----------------------------------------+-----------------------------------------------------+-----------------+--------+---------+
; Slack                                   ; Required P2P Time                                   ; Actual P2P Time ; From   ; To      ;
+-----------------------------------------+-----------------------------------------------------+-----------------+--------+---------+
; N/A                                     ; None                                                ; 17.195 ns       ; SW[13] ; HEX7[5] ;
; N/A                                     ; None                                                ; 17.137 ns       ; SW[15] ; HEX7[5] ;
; N/A                                     ; None                                                ; 16.884 ns       ; SW[13] ; HEX7[4] ;
; N/A                                     ; None                                                ; 16.849 ns       ; SW[13] ; HEX7[6] ;
; N/A                                     ; None                                                ; 16.826 ns       ; SW[15] ; HEX7[4] ;
; N/A                                     ; None                                                ; 16.791 ns       ; SW[15] ; HEX7[6] ;
; N/A                                     ; None                                                ; 16.390 ns       ; SW[14] ; HEX7[5] ;
; N/A                                     ; None                                                ; 16.351 ns       ; SW[14] ; HEX7[6] ;
; N/A                                     ; None                                                ; 16.282 ns       ; SW[16] ; HEX5[4] ;
; N/A                                     ; None                                                ; 16.282 ns       ; SW[16] ; HEX5[5] ;
; N/A                                     ; None                                                ; 16.228 ns       ; SW[13] ; HEX6[4] ;
; N/A                                     ; None                                                ; 16.220 ns       ; SW[13] ; HEX3[5] ;
; N/A                                     ; None                                                ; 16.208 ns       ; SW[13] ; HEX6[5] ;
; N/A                                     ; None                                                ; 16.162 ns       ; SW[15] ; HEX3[5] ;
; N/A                                     ; None                                                ; 16.079 ns       ; SW[14] ; HEX7[4] ;
; N/A                                     ; None                                                ; 15.942 ns       ; SW[16] ; HEX7[5] ;
; N/A                                     ; None                                                ; 15.929 ns       ; SW[13] ; HEX7[0] ;
; N/A                                     ; None                                                ; 15.925 ns       ; SW[15] ; HEX6[4] ;
; N/A                                     ; None                                                ; 15.922 ns       ; SW[16] ; HEX6[4] ;
; N/A                                     ; None                                                ; 15.905 ns       ; SW[15] ; HEX6[5] ;
; N/A                                     ; None                                                ; 15.902 ns       ; SW[16] ; HEX6[5] ;
; N/A                                     ; None                                                ; 15.878 ns       ; SW[16] ; HEX1[4] ;
; N/A                                     ; None                                                ; 15.871 ns       ; SW[15] ; HEX7[0] ;
; N/A                                     ; None                                                ; 15.857 ns       ; SW[16] ; HEX1[5] ;
; N/A                                     ; None                                                ; 15.780 ns       ; SW[15] ; HEX3[6] ;
; N/A                                     ; None                                                ; 15.774 ns       ; SW[15] ; HEX5[4] ;
; N/A                                     ; None                                                ; 15.774 ns       ; SW[15] ; HEX5[5] ;
; N/A                                     ; None                                                ; 15.752 ns       ; SW[13] ; HEX6[0] ;
; N/A                                     ; None                                                ; 15.751 ns       ; SW[13] ; HEX3[4] ;
; N/A                                     ; None                                                ; 15.714 ns       ; SW[13] ; HEX3[6] ;
; N/A                                     ; None                                                ; 15.693 ns       ; SW[15] ; HEX3[4] ;
; N/A                                     ; None                                                ; 15.631 ns       ; SW[16] ; HEX7[4] ;
; N/A                                     ; None                                                ; 15.617 ns       ; SW[14] ; HEX5[4] ;
; N/A                                     ; None                                                ; 15.617 ns       ; SW[14] ; HEX5[5] ;
; N/A                                     ; None                                                ; 15.601 ns       ; SW[15] ; HEX4[6] ;
; N/A                                     ; None                                                ; 15.596 ns       ; SW[16] ; HEX7[6] ;
; N/A                                     ; None                                                ; 15.588 ns       ; SW[14] ; HEX6[4] ;
; N/A                                     ; None                                                ; 15.572 ns       ; SW[16] ; HEX6[0] ;
; N/A                                     ; None                                                ; 15.570 ns       ; SW[13] ; HEX5[4] ;
; N/A                                     ; None                                                ; 15.570 ns       ; SW[13] ; HEX5[5] ;
; N/A                                     ; None                                                ; 15.568 ns       ; SW[14] ; HEX6[5] ;
; N/A                                     ; None                                                ; 15.560 ns       ; SW[16] ; HEX5[6] ;
; N/A                                     ; None                                                ; 15.504 ns       ; SW[13] ; HEX6[6] ;
; N/A                                     ; None                                                ; 15.473 ns       ; SW[13] ; HEX7[1] ;
; N/A                                     ; None                                                ; 15.449 ns       ; SW[15] ; HEX6[0] ;
; N/A                                     ; None                                                ; 15.443 ns       ; SW[13] ; HEX7[2] ;
; N/A                                     ; None                                                ; 15.443 ns       ; SW[16] ; HEX5[0] ;
; N/A                                     ; None                                                ; 15.415 ns       ; SW[15] ; HEX7[1] ;
; N/A                                     ; None                                                ; 15.400 ns       ; SW[14] ; HEX7[0] ;
; N/A                                     ; None                                                ; 15.385 ns       ; SW[15] ; HEX7[2] ;
; N/A                                     ; None                                                ; 15.368 ns       ; SW[15] ; HEX1[4] ;
; N/A                                     ; None                                                ; 15.357 ns       ; SW[13] ; HEX6[1] ;
; N/A                                     ; None                                                ; 15.357 ns       ; SW[13] ; HEX6[2] ;
; N/A                                     ; None                                                ; 15.347 ns       ; SW[15] ; HEX1[5] ;
; N/A                                     ; None                                                ; 15.319 ns       ; SW[16] ; HEX6[6] ;
; N/A                                     ; None                                                ; 15.297 ns       ; SW[15] ; HEX4[0] ;
; N/A                                     ; None                                                ; 15.262 ns       ; SW[13] ; HEX2[0] ;
; N/A                                     ; None                                                ; 15.228 ns       ; SW[15] ; HEX4[4] ;
; N/A                                     ; None                                                ; 15.228 ns       ; SW[15] ; HEX4[5] ;
; N/A                                     ; None                                                ; 15.211 ns       ; SW[14] ; HEX1[4] ;
; N/A                                     ; None                                                ; 15.201 ns       ; SW[15] ; HEX6[6] ;
; N/A                                     ; None                                                ; 15.193 ns       ; SW[14] ; HEX3[5] ;
; N/A                                     ; None                                                ; 15.190 ns       ; SW[14] ; HEX1[5] ;
; N/A                                     ; None                                                ; 15.173 ns       ; SW[13] ; HEX1[4] ;
; N/A                                     ; None                                                ; 15.152 ns       ; SW[13] ; HEX1[5] ;
; N/A                                     ; None                                                ; 15.107 ns       ; SW[16] ; HEX1[6] ;
; N/A                                     ; None                                                ; 15.067 ns       ; SW[14] ; HEX3[6] ;
; N/A                                     ; None                                                ; 15.055 ns       ; SW[13] ; HEX5[6] ;
; N/A                                     ; None                                                ; 15.054 ns       ; SW[15] ; HEX6[1] ;
; N/A                                     ; None                                                ; 15.054 ns       ; SW[15] ; HEX6[2] ;
; N/A                                     ; None                                                ; 15.052 ns       ; SW[15] ; HEX5[6] ;
; N/A                                     ; None                                                ; 15.051 ns       ; SW[16] ; HEX6[1] ;
; N/A                                     ; None                                                ; 15.051 ns       ; SW[16] ; HEX6[2] ;
; N/A                                     ; None                                                ; 15.021 ns       ; SW[15] ; HEX4[3] ;
; N/A                                     ; None                                                ; 15.015 ns       ; SW[15] ; HEX4[1] ;
; N/A                                     ; None                                                ; 15.015 ns       ; SW[15] ; HEX4[2] ;
; N/A                                     ; None                                                ; 14.992 ns       ; SW[16] ; HEX2[0] ;
; N/A                                     ; None                                                ; 14.969 ns       ; SW[13] ; HEX5[0] ;
; N/A                                     ; None                                                ; 14.967 ns       ; SW[16] ; HEX3[5] ;
; N/A                                     ; None                                                ; 14.962 ns       ; SW[15] ; HEX3[0] ;
; N/A                                     ; None                                                ; 14.961 ns       ; SW[16] ; HEX1[3] ;
; N/A                                     ; None                                                ; 14.959 ns       ; SW[15] ; HEX2[0] ;
; N/A                                     ; None                                                ; 14.945 ns       ; SW[14] ; HEX6[0] ;
; N/A                                     ; None                                                ; 14.935 ns       ; SW[15] ; HEX5[0] ;
; N/A                                     ; None                                                ; 14.904 ns       ; SW[16] ; HEX2[4] ;
; N/A                                     ; None                                                ; 14.904 ns       ; SW[16] ; HEX2[5] ;
; N/A                                     ; None                                                ; 14.896 ns       ; SW[13] ; HEX3[0] ;
; N/A                                     ; None                                                ; 14.895 ns       ; SW[14] ; HEX5[6] ;
; N/A                                     ; None                                                ; 14.891 ns       ; SW[13] ; HEX3[1] ;
; N/A                                     ; None                                                ; 14.891 ns       ; SW[13] ; HEX3[2] ;
; N/A                                     ; None                                                ; 14.833 ns       ; SW[15] ; HEX3[1] ;
; N/A                                     ; None                                                ; 14.833 ns       ; SW[15] ; HEX3[2] ;
; N/A                                     ; None                                                ; 14.805 ns       ; SW[13] ; HEX5[1] ;
; N/A                                     ; None                                                ; 14.805 ns       ; SW[13] ; HEX5[2] ;
; N/A                                     ; None                                                ; 14.789 ns       ; SW[13] ; HEX2[4] ;
; N/A                                     ; None                                                ; 14.789 ns       ; SW[13] ; HEX2[5] ;
; N/A                                     ; None                                                ; 14.778 ns       ; SW[14] ; HEX5[0] ;
; N/A                                     ; None                                                ; 14.772 ns       ; SW[13] ; HEX1[6] ;
; N/A                                     ; None                                                ; 14.752 ns       ; SW[15] ; HEX7[3] ;
; N/A                                     ; None                                                ; 14.747 ns       ; SW[15] ; HEX5[1] ;
; N/A                                     ; None                                                ; 14.747 ns       ; SW[15] ; HEX5[2] ;
; N/A                                     ; None                                                ; 14.724 ns       ; SW[14] ; HEX3[4] ;
; N/A                                     ; None                                                ; 14.714 ns       ; SW[15] ; HEX1[6] ;
; N/A                                     ; None                                                ; 14.704 ns       ; SW[14] ; HEX2[4] ;
; N/A                                     ; None                                                ; 14.704 ns       ; SW[14] ; HEX2[5] ;
; N/A                                     ; None                                                ; 14.703 ns       ; SW[17] ; HEX6[4] ;
; N/A                                     ; None                                                ; 14.698 ns       ; SW[14] ; HEX6[6] ;
; N/A                                     ; None                                                ; 14.683 ns       ; SW[17] ; HEX6[5] ;
; N/A                                     ; None                                                ; 14.680 ns       ; SW[15] ; HEX2[4] ;
; N/A                                     ; None                                                ; 14.680 ns       ; SW[15] ; HEX2[5] ;
; N/A                                     ; None                                                ; 14.676 ns       ; SW[16] ; HEX7[0] ;
; N/A                                     ; None                                                ; 14.634 ns       ; SW[17] ; HEX5[4] ;
; N/A                                     ; None                                                ; 14.634 ns       ; SW[17] ; HEX5[5] ;
; N/A                                     ; None                                                ; 14.602 ns       ; SW[16] ; HEX5[1] ;
; N/A                                     ; None                                                ; 14.602 ns       ; SW[16] ; HEX5[2] ;
; N/A                                     ; None                                                ; 14.595 ns       ; SW[14] ; HEX7[3] ;
; N/A                                     ; None                                                ; 14.562 ns       ; SW[16] ; HEX3[6] ;
; N/A                                     ; None                                                ; 14.562 ns       ; SW[14] ; HEX2[0] ;
; N/A                                     ; None                                                ; 14.498 ns       ; SW[15] ; HEX3[3] ;
; N/A                                     ; None                                                ; 14.498 ns       ; SW[16] ; HEX3[4] ;
; N/A                                     ; None                                                ; 14.459 ns       ; SW[17] ; HEX7[6] ;
; N/A                                     ; None                                                ; 14.451 ns       ; SW[15] ; HEX1[3] ;
; N/A                                     ; None                                                ; 14.440 ns       ; SW[14] ; HEX1[6] ;
; N/A                                     ; None                                                ; 14.341 ns       ; SW[14] ; HEX3[3] ;
; N/A                                     ; None                                                ; 14.314 ns       ; SW[16] ; HEX1[0] ;
; N/A                                     ; None                                                ; 14.294 ns       ; SW[14] ; HEX1[3] ;
; N/A                                     ; None                                                ; 14.260 ns       ; SW[13] ; HEX2[6] ;
; N/A                                     ; None                                                ; 14.249 ns       ; SW[14] ; HEX3[0] ;
; N/A                                     ; None                                                ; 14.229 ns       ; SW[17] ; HEX6[0] ;
; N/A                                     ; None                                                ; 14.220 ns       ; SW[16] ; HEX7[1] ;
; N/A                                     ; None                                                ; 14.208 ns       ; SW[17] ; HEX1[4] ;
; N/A                                     ; None                                                ; 14.206 ns       ; SW[16] ; HEX5[3] ;
; N/A                                     ; None                                                ; 14.190 ns       ; SW[16] ; HEX7[2] ;
; N/A                                     ; None                                                ; 14.187 ns       ; SW[17] ; HEX1[5] ;
; N/A                                     ; None                                                ; 14.185 ns       ; SW[13] ; HEX1[1] ;
; N/A                                     ; None                                                ; 14.183 ns       ; SW[16] ; HEX4[6] ;
; N/A                                     ; None                                                ; 14.127 ns       ; SW[15] ; HEX1[1] ;
; N/A                                     ; None                                                ; 14.084 ns       ; SW[15] ; HEX0[0] ;
; N/A                                     ; None                                                ; 14.065 ns       ; SW[16] ; HEX4[1] ;
; N/A                                     ; None                                                ; 14.065 ns       ; SW[16] ; HEX4[2] ;
; N/A                                     ; None                                                ; 14.065 ns       ; SW[13] ; HEX2[2] ;
; N/A                                     ; None                                                ; 14.035 ns       ; SW[17] ; HEX7[5] ;
; N/A                                     ; None                                                ; 14.025 ns       ; SW[13] ; HEX2[1] ;
; N/A                                     ; None                                                ; 14.012 ns       ; SW[13] ; HEX1[2] ;
; N/A                                     ; None                                                ; 14.006 ns       ; SW[17] ; HEX5[6] ;
; N/A                                     ; None                                                ; 13.995 ns       ; SW[16] ; HEX2[6] ;
; N/A                                     ; None                                                ; 13.981 ns       ; SW[13] ; HEX1[0] ;
; N/A                                     ; None                                                ; 13.976 ns       ; SW[17] ; HEX6[6] ;
; N/A                                     ; None                                                ; 13.976 ns       ; SW[16] ; HEX1[1] ;
; N/A                                     ; None                                                ; 13.957 ns       ; SW[15] ; HEX2[6] ;
; N/A                                     ; None                                                ; 13.954 ns       ; SW[15] ; HEX1[2] ;
; N/A                                     ; None                                                ; 13.923 ns       ; SW[15] ; HEX1[0] ;
; N/A                                     ; None                                                ; 13.920 ns       ; SW[17] ; HEX5[0] ;
; N/A                                     ; None                                                ; 13.899 ns       ; SW[17] ; HEX5[1] ;
; N/A                                     ; None                                                ; 13.899 ns       ; SW[17] ; HEX5[2] ;
; N/A                                     ; None                                                ; 13.874 ns       ; SW[16] ; HEX4[4] ;
; N/A                                     ; None                                                ; 13.874 ns       ; SW[16] ; HEX4[5] ;
; N/A                                     ; None                                                ; 13.873 ns       ; SW[16] ; HEX4[0] ;
; N/A                                     ; None                                                ; 13.871 ns       ; SW[14] ; HEX4[6] ;
; N/A                                     ; None                                                ; 13.830 ns       ; SW[16] ; HEX6[3] ;
; N/A                                     ; None                                                ; 13.814 ns       ; SW[15] ; HEX0[6] ;
; N/A                                     ; None                                                ; 13.803 ns       ; SW[16] ; HEX1[2] ;
; N/A                                     ; None                                                ; 13.796 ns       ; SW[17] ; HEX2[4] ;
; N/A                                     ; None                                                ; 13.796 ns       ; SW[17] ; HEX2[5] ;
; N/A                                     ; None                                                ; 13.793 ns       ; SW[17] ; HEX6[1] ;
; N/A                                     ; None                                                ; 13.793 ns       ; SW[17] ; HEX6[2] ;
; N/A                                     ; None                                                ; 13.782 ns       ; SW[16] ; HEX2[3] ;
; N/A                                     ; None                                                ; 13.762 ns       ; SW[15] ; HEX2[2] ;
; N/A                                     ; None                                                ; 13.759 ns       ; SW[16] ; HEX2[2] ;
; N/A                                     ; None                                                ; 13.744 ns       ; SW[16] ; HEX3[0] ;
; N/A                                     ; None                                                ; 13.724 ns       ; SW[17] ; HEX7[4] ;
; N/A                                     ; None                                                ; 13.722 ns       ; SW[15] ; HEX2[1] ;
; N/A                                     ; None                                                ; 13.719 ns       ; SW[16] ; HEX2[1] ;
; N/A                                     ; None                                                ; 13.705 ns       ; SW[17] ; HEX1[6] ;
; N/A                                     ; None                                                ; 13.699 ns       ; SW[17] ; HEX2[0] ;
; N/A                                     ; None                                                ; 13.698 ns       ; SW[15] ; HEX5[3] ;
; N/A                                     ; None                                                ; 13.647 ns       ; SW[14] ; HEX1[0] ;
; N/A                                     ; None                                                ; 13.638 ns       ; SW[16] ; HEX3[1] ;
; N/A                                     ; None                                                ; 13.638 ns       ; SW[16] ; HEX3[2] ;
; N/A                                     ; None                                                ; 13.630 ns       ; SW[14] ; HEX6[3] ;
; N/A                                     ; None                                                ; 13.582 ns       ; SW[14] ; HEX2[3] ;
; N/A                                     ; None                                                ; 13.572 ns       ; SW[14] ; HEX2[6] ;
; N/A                                     ; None                                                ; 13.567 ns       ; SW[14] ; HEX4[0] ;
; N/A                                     ; None                                                ; 13.566 ns       ; SW[16] ; HEX4[3] ;
; N/A                                     ; None                                                ; 13.541 ns       ; SW[14] ; HEX5[3] ;
; N/A                                     ; None                                                ; 13.539 ns       ; SW[17] ; HEX7[0] ;
; N/A                                     ; None                                                ; 13.521 ns       ; SW[15] ; HEX0[4] ;
; N/A                                     ; None                                                ; 13.511 ns       ; SW[15] ; HEX0[5] ;
; N/A                                     ; None                                                ; 13.500 ns       ; SW[17] ; HEX4[6] ;
; N/A                                     ; None                                                ; 13.443 ns       ; SW[14] ; HEX4[4] ;
; N/A                                     ; None                                                ; 13.443 ns       ; SW[14] ; HEX4[5] ;
; N/A                                     ; None                                                ; 13.418 ns       ; SW[10] ; HEX7[5] ;
; N/A                                     ; None                                                ; 13.372 ns       ; SW[17] ; HEX4[1] ;
; N/A                                     ; None                                                ; 13.372 ns       ; SW[17] ; HEX4[2] ;
; N/A                                     ; None                                                ; 13.304 ns       ; SW[17] ; HEX3[6] ;
; N/A                                     ; None                                                ; 13.291 ns       ; SW[14] ; HEX4[3] ;
; N/A                                     ; None                                                ; 13.291 ns       ; SW[17] ; HEX1[3] ;
; N/A                                     ; None                                                ; 13.286 ns       ; SW[15] ; HEX6[3] ;
; N/A                                     ; None                                                ; 13.271 ns       ; SW[13] ; HEX4[6] ;
; N/A                                     ; None                                                ; 13.238 ns       ; SW[15] ; HEX2[3] ;
; Timing analysis restricted to 200 rows. ; To change the limit use Settings (Assignments menu) ;                 ;        ;         ;
+-----------------------------------------+-----------------------------------------------------+-----------------+--------+---------+


+--------------------------+
; Timing Analyzer Messages ;
+--------------------------+
Info: *******************************************************************
Info: Running Quartus II Classic Timing Analyzer
    Info: Version 9.0 Build 132 02/25/2009 SJ Full Version
    Info: Processing started: Mon Oct 29 19:42:41 2018
Info: Command: quartus_tan --read_settings_files=off --write_settings_files=off display_extend -c display_extend --timing_analysis_only
Info: Parallel compilation is enabled and will use 2 of the 2 processors detected
Info: Longest tpd from source pin "SW[13]" to destination pin "HEX7[5]" is 17.195 ns
    Info: 1: + IC(0.000 ns) + CELL(0.832 ns) = 0.832 ns; Loc. = PIN_T7; Fanout = 7; PIN Node = 'SW[13]'
    Info: 2: + IC(6.132 ns) + CELL(0.420 ns) = 7.384 ns; Loc. = LCCOMB_X31_Y6_N2; Fanout = 4; COMB Node = 'five_to_one_mult_extend:M0|Mux1~4'
    Info: 3: + IC(0.765 ns) + CELL(0.420 ns) = 8.569 ns; Loc. = LCCOMB_X30_Y7_N0; Fanout = 3; COMB Node = 'five_to_one_mult_extend8:M7|Mux1~3'
    Info: 4: + IC(0.450 ns) + CELL(0.438 ns) = 9.457 ns; Loc. = LCCOMB_X31_Y7_N22; Fanout = 2; COMB Node = 'seven_seg_comp:H3|Dispaly[5]~21'
    Info: 5: + IC(0.733 ns) + CELL(0.438 ns) = 10.628 ns; Loc. = LCCOMB_X31_Y8_N2; Fanout = 2; COMB Node = 'seven_seg_comp:H7|Dispaly[5]~14'
    Info: 6: + IC(3.915 ns) + CELL(2.652 ns) = 17.195 ns; Loc. = PIN_P9; Fanout = 0; PIN Node = 'HEX7[5]'
    Info: Total cell delay = 5.200 ns ( 30.24 % )
    Info: Total interconnect delay = 11.995 ns ( 69.76 % )
Info: Quartus II Classic Timing Analyzer was successful. 0 errors, 0 warnings
    Info: Peak virtual memory: 217 megabytes
    Info: Processing ended: Mon Oct 29 19:42:41 2018
    Info: Elapsed time: 00:00:00
    Info: Total CPU time (on all processors): 00:00:00


