Classic Timing Analyzer report for seven_seg_comp
Mon Oct 29 10:02:07 2018
Quartus II Version 9.0 Build 132 02/25/2009 SJ Full Version


---------------------
; Table of Contents ;
---------------------
  1. Legal Notice
  2. Timing Analyzer Summary
  3. Timing Analyzer Settings
  4. Parallel Compilation
  5. tpd
  6. Timing Analyzer Messages



----------------
; Legal Notice ;
----------------
Copyright (C) 1991-2009 Altera Corporation
Your use of Altera Corporation's design tools, logic functions 
and other software and tools, and its AMPP partner logic 
functions, and any output files from any of the foregoing 
(including device programming or simulation files), and any 
associated documentation or information are expressly subject 
to the terms and conditions of the Altera Program License 
Subscription Agreement, Altera MegaCore Function License 
Agreement, or other applicable license agreement, including, 
without limitation, that your use is for the sole purpose of 
programming logic devices manufactured by Altera and sold by 
Altera or its authorized distributors.  Please refer to the 
applicable agreement for further details.



+-------------------------------------------------------------------------------------------------------------------------------+
; Timing Analyzer Summary                                                                                                       ;
+------------------------------+-------+---------------+-------------+------+------------+------------+----------+--------------+
; Type                         ; Slack ; Required Time ; Actual Time ; From ; To         ; From Clock ; To Clock ; Failed Paths ;
+------------------------------+-------+---------------+-------------+------+------------+------------+----------+--------------+
; Worst-case tpd               ; N/A   ; None          ; 11.852 ns   ; C[0] ; Dispaly[1] ; --         ; --       ; 0            ;
; Total number of failed paths ;       ;               ;             ;      ;            ;            ;          ; 0            ;
+------------------------------+-------+---------------+-------------+------+------------+------------+----------+--------------+


+--------------------------------------------------------------------------------------------------------------------+
; Timing Analyzer Settings                                                                                           ;
+---------------------------------------------------------------------+--------------------+------+----+-------------+
; Option                                                              ; Setting            ; From ; To ; Entity Name ;
+---------------------------------------------------------------------+--------------------+------+----+-------------+
; Device Name                                                         ; EP2C35F672C6       ;      ;    ;             ;
; Timing Models                                                       ; Final              ;      ;    ;             ;
; Default hold multicycle                                             ; Same as Multicycle ;      ;    ;             ;
; Cut paths between unrelated clock domains                           ; On                 ;      ;    ;             ;
; Cut off read during write signal paths                              ; On                 ;      ;    ;             ;
; Cut off feedback from I/O pins                                      ; On                 ;      ;    ;             ;
; Report Combined Fast/Slow Timing                                    ; Off                ;      ;    ;             ;
; Ignore Clock Settings                                               ; Off                ;      ;    ;             ;
; Analyze latches as synchronous elements                             ; On                 ;      ;    ;             ;
; Enable Recovery/Removal analysis                                    ; Off                ;      ;    ;             ;
; Enable Clock Latency                                                ; Off                ;      ;    ;             ;
; Use TimeQuest Timing Analyzer                                       ; Off                ;      ;    ;             ;
; Minimum Core Junction Temperature                                   ; 0                  ;      ;    ;             ;
; Maximum Core Junction Temperature                                   ; 85                 ;      ;    ;             ;
; Number of source nodes to report per destination node               ; 10                 ;      ;    ;             ;
; Number of destination nodes to report                               ; 10                 ;      ;    ;             ;
; Number of paths to report                                           ; 200                ;      ;    ;             ;
; Report Minimum Timing Checks                                        ; Off                ;      ;    ;             ;
; Use Fast Timing Models                                              ; Off                ;      ;    ;             ;
; Report IO Paths Separately                                          ; Off                ;      ;    ;             ;
; Perform Multicorner Analysis                                        ; On                 ;      ;    ;             ;
; Reports the worst-case path for each clock domain and analysis      ; Off                ;      ;    ;             ;
; Removes common clock path pessimism (CCPP) during slack computation ; Off                ;      ;    ;             ;
; Output I/O Timing Endpoint                                          ; Near End           ;      ;    ;             ;
+---------------------------------------------------------------------+--------------------+------+----+-------------+


+------------------------------------------+
; Parallel Compilation                     ;
+----------------------------+-------------+
; Processors                 ; Number      ;
+----------------------------+-------------+
; Number detected on machine ; 2           ;
; Maximum allowed            ; 2           ;
;                            ;             ;
; Average used               ; 1.00        ;
; Maximum used               ; 1           ;
;                            ;             ;
; Usage by Processor         ; % Time Used ;
;     1 processor            ; 100.0%      ;
;     2 processors           ;   0.0%      ;
+----------------------------+-------------+


+-----------------------------------------------------------------+
; tpd                                                             ;
+-------+-------------------+-----------------+------+------------+
; Slack ; Required P2P Time ; Actual P2P Time ; From ; To         ;
+-------+-------------------+-----------------+------+------------+
; N/A   ; None              ; 11.852 ns       ; C[0] ; Dispaly[1] ;
; N/A   ; None              ; 11.842 ns       ; C[0] ; Dispaly[2] ;
; N/A   ; None              ; 10.533 ns       ; C[0] ; Dispaly[0] ;
; N/A   ; None              ; 9.567 ns        ; C[0] ; Dispaly[5] ;
; N/A   ; None              ; 9.317 ns        ; C[0] ; Dispaly[4] ;
; N/A   ; None              ; 9.312 ns        ; C[0] ; Dispaly[3] ;
; N/A   ; None              ; 7.932 ns        ; C[1] ; Dispaly[1] ;
; N/A   ; None              ; 7.922 ns        ; C[1] ; Dispaly[2] ;
; N/A   ; None              ; 6.682 ns        ; C[2] ; Dispaly[0] ;
; N/A   ; None              ; 6.657 ns        ; C[1] ; Dispaly[0] ;
; N/A   ; None              ; 5.722 ns        ; C[2] ; Dispaly[5] ;
; N/A   ; None              ; 5.686 ns        ; C[1] ; Dispaly[5] ;
; N/A   ; None              ; 5.649 ns        ; C[2] ; Dispaly[6] ;
; N/A   ; None              ; 5.519 ns        ; C[1] ; Dispaly[6] ;
; N/A   ; None              ; 5.472 ns        ; C[2] ; Dispaly[4] ;
; N/A   ; None              ; 5.468 ns        ; C[2] ; Dispaly[3] ;
; N/A   ; None              ; 5.436 ns        ; C[1] ; Dispaly[4] ;
; N/A   ; None              ; 5.433 ns        ; C[1] ; Dispaly[3] ;
+-------+-------------------+-----------------+------+------------+


+--------------------------+
; Timing Analyzer Messages ;
+--------------------------+
Info: *******************************************************************
Info: Running Quartus II Classic Timing Analyzer
    Info: Version 9.0 Build 132 02/25/2009 SJ Full Version
    Info: Processing started: Mon Oct 29 10:02:07 2018
Info: Command: quartus_tan --read_settings_files=off --write_settings_files=off seven_seg_comp -c seven_seg_comp --timing_analysis_only
Info: Parallel compilation is enabled and will use 2 of the 2 processors detected
Info: Longest tpd from source pin "C[0]" to destination pin "Dispaly[1]" is 11.852 ns
    Info: 1: + IC(0.000 ns) + CELL(0.850 ns) = 0.850 ns; Loc. = PIN_B11; Fanout = 4; PIN Node = 'C[0]'
    Info: 2: + IC(4.829 ns) + CELL(0.275 ns) = 5.954 ns; Loc. = LCCOMB_X31_Y35_N22; Fanout = 2; COMB Node = 'Dispaly~15'
    Info: 3: + IC(3.130 ns) + CELL(2.768 ns) = 11.852 ns; Loc. = PIN_AA12; Fanout = 0; PIN Node = 'Dispaly[1]'
    Info: Total cell delay = 3.893 ns ( 32.85 % )
    Info: Total interconnect delay = 7.959 ns ( 67.15 % )
Info: Quartus II Classic Timing Analyzer was successful. 0 errors, 0 warnings
    Info: Peak virtual memory: 216 megabytes
    Info: Processing ended: Mon Oct 29 10:02:07 2018
    Info: Elapsed time: 00:00:00
    Info: Total CPU time (on all processors): 00:00:00


