Classic Timing Analyzer report for five_char_dis
Mon Oct 29 10:26:50 2018
Quartus II Version 9.0 Build 132 02/25/2009 SJ Full Version


---------------------
; Table of Contents ;
---------------------
  1. Legal Notice
  2. Timing Analyzer Summary
  3. Timing Analyzer Settings
  4. Parallel Compilation
  5. tpd
  6. Timing Analyzer Messages



----------------
; Legal Notice ;
----------------
Copyright (C) 1991-2009 Altera Corporation
Your use of Altera Corporation's design tools, logic functions 
and other software and tools, and its AMPP partner logic 
functions, and any output files from any of the foregoing 
(including device programming or simulation files), and any 
associated documentation or information are expressly subject 
to the terms and conditions of the Altera Program License 
Subscription Agreement, Altera MegaCore Function License 
Agreement, or other applicable license agreement, including, 
without limitation, that your use is for the sole purpose of 
programming logic devices manufactured by Altera and sold by 
Altera or its authorized distributors.  Please refer to the 
applicable agreement for further details.



+------------------------------------------------------------------------------------------------------------------------------+
; Timing Analyzer Summary                                                                                                      ;
+------------------------------+-------+---------------+-------------+--------+---------+------------+----------+--------------+
; Type                         ; Slack ; Required Time ; Actual Time ; From   ; To      ; From Clock ; To Clock ; Failed Paths ;
+------------------------------+-------+---------------+-------------+--------+---------+------------+----------+--------------+
; Worst-case tpd               ; N/A   ; None          ; 18.219 ns   ; SW[15] ; HEX4[2] ; --         ; --       ; 0            ;
; Total number of failed paths ;       ;               ;             ;        ;         ;            ;          ; 0            ;
+------------------------------+-------+---------------+-------------+--------+---------+------------+----------+--------------+


+--------------------------------------------------------------------------------------------------------------------+
; Timing Analyzer Settings                                                                                           ;
+---------------------------------------------------------------------+--------------------+------+----+-------------+
; Option                                                              ; Setting            ; From ; To ; Entity Name ;
+---------------------------------------------------------------------+--------------------+------+----+-------------+
; Device Name                                                         ; EP2C35F672C6       ;      ;    ;             ;
; Timing Models                                                       ; Final              ;      ;    ;             ;
; Default hold multicycle                                             ; Same as Multicycle ;      ;    ;             ;
; Cut paths between unrelated clock domains                           ; On                 ;      ;    ;             ;
; Cut off read during write signal paths                              ; On                 ;      ;    ;             ;
; Cut off feedback from I/O pins                                      ; On                 ;      ;    ;             ;
; Report Combined Fast/Slow Timing                                    ; Off                ;      ;    ;             ;
; Ignore Clock Settings                                               ; Off                ;      ;    ;             ;
; Analyze latches as synchronous elements                             ; On                 ;      ;    ;             ;
; Enable Recovery/Removal analysis                                    ; Off                ;      ;    ;             ;
; Enable Clock Latency                                                ; Off                ;      ;    ;             ;
; Use TimeQuest Timing Analyzer                                       ; Off                ;      ;    ;             ;
; Minimum Core Junction Temperature                                   ; 0                  ;      ;    ;             ;
; Maximum Core Junction Temperature                                   ; 85                 ;      ;    ;             ;
; Number of source nodes to report per destination node               ; 10                 ;      ;    ;             ;
; Number of destination nodes to report                               ; 10                 ;      ;    ;             ;
; Number of paths to report                                           ; 200                ;      ;    ;             ;
; Report Minimum Timing Checks                                        ; Off                ;      ;    ;             ;
; Use Fast Timing Models                                              ; Off                ;      ;    ;             ;
; Report IO Paths Separately                                          ; Off                ;      ;    ;             ;
; Perform Multicorner Analysis                                        ; On                 ;      ;    ;             ;
; Reports the worst-case path for each clock domain and analysis      ; Off                ;      ;    ;             ;
; Removes common clock path pessimism (CCPP) during slack computation ; Off                ;      ;    ;             ;
; Output I/O Timing Endpoint                                          ; Near End           ;      ;    ;             ;
+---------------------------------------------------------------------+--------------------+------+----+-------------+


+------------------------------------------+
; Parallel Compilation                     ;
+----------------------------+-------------+
; Processors                 ; Number      ;
+----------------------------+-------------+
; Number detected on machine ; 2           ;
; Maximum allowed            ; 2           ;
;                            ;             ;
; Average used               ; 1.00        ;
; Maximum used               ; 1           ;
;                            ;             ;
; Usage by Processor         ; % Time Used ;
;     1 processor            ; 100.0%      ;
;     2 processors           ;   0.0%      ;
+----------------------------+-------------+


+-------------------------------------------------------------------------------------------------------------------------------------+
; tpd                                                                                                                                 ;
+-----------------------------------------+-----------------------------------------------------+-----------------+--------+----------+
; Slack                                   ; Required P2P Time                                   ; Actual P2P Time ; From   ; To       ;
+-----------------------------------------+-----------------------------------------------------+-----------------+--------+----------+
; N/A                                     ; None                                                ; 18.219 ns       ; SW[15] ; HEX4[1]  ;
; N/A                                     ; None                                                ; 18.219 ns       ; SW[15] ; HEX4[2]  ;
; N/A                                     ; None                                                ; 18.216 ns       ; SW[15] ; HEX4[4]  ;
; N/A                                     ; None                                                ; 18.216 ns       ; SW[15] ; HEX4[5]  ;
; N/A                                     ; None                                                ; 18.209 ns       ; SW[15] ; HEX4[3]  ;
; N/A                                     ; None                                                ; 17.931 ns       ; SW[15] ; HEX4[0]  ;
; N/A                                     ; None                                                ; 17.779 ns       ; SW[16] ; HEX4[1]  ;
; N/A                                     ; None                                                ; 17.779 ns       ; SW[16] ; HEX4[2]  ;
; N/A                                     ; None                                                ; 17.776 ns       ; SW[16] ; HEX4[4]  ;
; N/A                                     ; None                                                ; 17.776 ns       ; SW[16] ; HEX4[5]  ;
; N/A                                     ; None                                                ; 17.769 ns       ; SW[16] ; HEX4[3]  ;
; N/A                                     ; None                                                ; 17.700 ns       ; SW[17] ; HEX4[1]  ;
; N/A                                     ; None                                                ; 17.700 ns       ; SW[17] ; HEX4[2]  ;
; N/A                                     ; None                                                ; 17.697 ns       ; SW[17] ; HEX4[4]  ;
; N/A                                     ; None                                                ; 17.697 ns       ; SW[17] ; HEX4[5]  ;
; N/A                                     ; None                                                ; 17.690 ns       ; SW[17] ; HEX4[3]  ;
; N/A                                     ; None                                                ; 17.494 ns       ; SW[15] ; LEDG[12] ;
; N/A                                     ; None                                                ; 17.491 ns       ; SW[16] ; HEX4[0]  ;
; N/A                                     ; None                                                ; 17.412 ns       ; SW[17] ; HEX4[0]  ;
; N/A                                     ; None                                                ; 17.279 ns       ; SW[15] ; HEX4[6]  ;
; N/A                                     ; None                                                ; 17.054 ns       ; SW[16] ; LEDG[12] ;
; N/A                                     ; None                                                ; 16.975 ns       ; SW[17] ; LEDG[12] ;
; N/A                                     ; None                                                ; 16.839 ns       ; SW[16] ; HEX4[6]  ;
; N/A                                     ; None                                                ; 16.748 ns       ; SW[15] ; LEDG[13] ;
; N/A                                     ; None                                                ; 16.730 ns       ; SW[17] ; HEX4[6]  ;
; N/A                                     ; None                                                ; 16.682 ns       ; SW[15] ; HEX0[0]  ;
; N/A                                     ; None                                                ; 16.436 ns       ; SW[15] ; HEX0[4]  ;
; N/A                                     ; None                                                ; 16.423 ns       ; SW[15] ; HEX0[5]  ;
; N/A                                     ; None                                                ; 16.421 ns       ; SW[15] ; HEX0[3]  ;
; N/A                                     ; None                                                ; 16.308 ns       ; SW[16] ; LEDG[13] ;
; N/A                                     ; None                                                ; 16.284 ns       ; SW[15] ; HEX2[3]  ;
; N/A                                     ; None                                                ; 16.270 ns       ; SW[15] ; HEX2[2]  ;
; N/A                                     ; None                                                ; 16.247 ns       ; SW[15] ; HEX2[4]  ;
; N/A                                     ; None                                                ; 16.247 ns       ; SW[15] ; HEX2[5]  ;
; N/A                                     ; None                                                ; 16.242 ns       ; SW[16] ; HEX0[0]  ;
; N/A                                     ; None                                                ; 16.230 ns       ; SW[15] ; HEX2[1]  ;
; N/A                                     ; None                                                ; 16.199 ns       ; SW[17] ; LEDG[13] ;
; N/A                                     ; None                                                ; 16.189 ns       ; SW[15] ; HEX1[5]  ;
; N/A                                     ; None                                                ; 16.083 ns       ; SW[17] ; HEX0[0]  ;
; N/A                                     ; None                                                ; 16.009 ns       ; SW[15] ; HEX1[2]  ;
; N/A                                     ; None                                                ; 15.997 ns       ; SW[15] ; HEX3[5]  ;
; N/A                                     ; None                                                ; 15.996 ns       ; SW[16] ; HEX0[4]  ;
; N/A                                     ; None                                                ; 15.983 ns       ; SW[16] ; HEX0[5]  ;
; N/A                                     ; None                                                ; 15.981 ns       ; SW[16] ; HEX0[3]  ;
; N/A                                     ; None                                                ; 15.950 ns       ; SW[15] ; HEX1[3]  ;
; N/A                                     ; None                                                ; 15.927 ns       ; SW[15] ; HEX2[0]  ;
; N/A                                     ; None                                                ; 15.900 ns       ; SW[15] ; HEX1[1]  ;
; N/A                                     ; None                                                ; 15.883 ns       ; SW[15] ; HEX1[4]  ;
; N/A                                     ; None                                                ; 15.844 ns       ; SW[16] ; HEX2[3]  ;
; N/A                                     ; None                                                ; 15.842 ns       ; SW[15] ; HEX1[0]  ;
; N/A                                     ; None                                                ; 15.837 ns       ; SW[17] ; HEX0[4]  ;
; N/A                                     ; None                                                ; 15.830 ns       ; SW[16] ; HEX2[2]  ;
; N/A                                     ; None                                                ; 15.824 ns       ; SW[17] ; HEX0[5]  ;
; N/A                                     ; None                                                ; 15.822 ns       ; SW[17] ; HEX0[3]  ;
; N/A                                     ; None                                                ; 15.807 ns       ; SW[16] ; HEX2[4]  ;
; N/A                                     ; None                                                ; 15.807 ns       ; SW[16] ; HEX2[5]  ;
; N/A                                     ; None                                                ; 15.804 ns       ; SW[13] ; HEX4[4]  ;
; N/A                                     ; None                                                ; 15.804 ns       ; SW[13] ; HEX4[5]  ;
; N/A                                     ; None                                                ; 15.796 ns       ; SW[13] ; HEX4[3]  ;
; N/A                                     ; None                                                ; 15.790 ns       ; SW[16] ; HEX2[1]  ;
; N/A                                     ; None                                                ; 15.710 ns       ; SW[15] ; HEX3[4]  ;
; N/A                                     ; None                                                ; 15.693 ns       ; SW[15] ; HEX3[6]  ;
; N/A                                     ; None                                                ; 15.685 ns       ; SW[17] ; HEX2[3]  ;
; N/A                                     ; None                                                ; 15.671 ns       ; SW[17] ; HEX2[2]  ;
; N/A                                     ; None                                                ; 15.668 ns       ; SW[15] ; HEX3[0]  ;
; N/A                                     ; None                                                ; 15.653 ns       ; SW[15] ; HEX3[3]  ;
; N/A                                     ; None                                                ; 15.649 ns       ; SW[15] ; HEX2[6]  ;
; N/A                                     ; None                                                ; 15.648 ns       ; SW[17] ; HEX2[4]  ;
; N/A                                     ; None                                                ; 15.648 ns       ; SW[17] ; HEX2[5]  ;
; N/A                                     ; None                                                ; 15.631 ns       ; SW[17] ; HEX2[1]  ;
; N/A                                     ; None                                                ; 15.628 ns       ; SW[16] ; HEX1[5]  ;
; N/A                                     ; None                                                ; 15.559 ns       ; SW[17] ; HEX1[5]  ;
; N/A                                     ; None                                                ; 15.557 ns       ; SW[16] ; HEX3[5]  ;
; N/A                                     ; None                                                ; 15.548 ns       ; SW[13] ; HEX4[6]  ;
; N/A                                     ; None                                                ; 15.528 ns       ; SW[15] ; LEDG[8]  ;
; N/A                                     ; None                                                ; 15.514 ns       ; SW[13] ; HEX4[0]  ;
; N/A                                     ; None                                                ; 15.487 ns       ; SW[16] ; HEX2[0]  ;
; N/A                                     ; None                                                ; 15.437 ns       ; SW[16] ; HEX1[2]  ;
; N/A                                     ; None                                                ; 15.398 ns       ; SW[17] ; HEX3[5]  ;
; N/A                                     ; None                                                ; 15.390 ns       ; SW[16] ; HEX1[3]  ;
; N/A                                     ; None                                                ; 15.379 ns       ; SW[17] ; HEX1[2]  ;
; N/A                                     ; None                                                ; 15.328 ns       ; SW[17] ; HEX2[0]  ;
; N/A                                     ; None                                                ; 15.328 ns       ; SW[16] ; HEX1[1]  ;
; N/A                                     ; None                                                ; 15.322 ns       ; SW[16] ; HEX1[4]  ;
; N/A                                     ; None                                                ; 15.320 ns       ; SW[17] ; HEX1[3]  ;
; N/A                                     ; None                                                ; 15.280 ns       ; SW[16] ; HEX1[0]  ;
; N/A                                     ; None                                                ; 15.277 ns       ; SW[15] ; HEX3[1]  ;
; N/A                                     ; None                                                ; 15.277 ns       ; SW[15] ; HEX3[2]  ;
; N/A                                     ; None                                                ; 15.270 ns       ; SW[16] ; HEX3[4]  ;
; N/A                                     ; None                                                ; 15.270 ns       ; SW[17] ; HEX1[1]  ;
; N/A                                     ; None                                                ; 15.269 ns       ; SW[13] ; HEX4[1]  ;
; N/A                                     ; None                                                ; 15.269 ns       ; SW[13] ; HEX4[2]  ;
; N/A                                     ; None                                                ; 15.253 ns       ; SW[17] ; HEX1[4]  ;
; N/A                                     ; None                                                ; 15.228 ns       ; SW[16] ; HEX3[0]  ;
; N/A                                     ; None                                                ; 15.213 ns       ; SW[16] ; HEX3[3]  ;
; N/A                                     ; None                                                ; 15.212 ns       ; SW[17] ; HEX1[0]  ;
; N/A                                     ; None                                                ; 15.195 ns       ; SW[15] ; LEDG[3]  ;
; N/A                                     ; None                                                ; 15.161 ns       ; SW[15] ; HEX0[2]  ;
; N/A                                     ; None                                                ; 15.154 ns       ; SW[15] ; LEDG[6]  ;
; N/A                                     ; None                                                ; 15.151 ns       ; SW[15] ; HEX0[1]  ;
; N/A                                     ; None                                                ; 15.136 ns       ; SW[16] ; HEX3[6]  ;
; N/A                                     ; None                                                ; 15.118 ns       ; SW[15] ; LEDG[5]  ;
; N/A                                     ; None                                                ; 15.118 ns       ; SW[15] ; HEX1[6]  ;
; N/A                                     ; None                                                ; 15.111 ns       ; SW[17] ; HEX3[4]  ;
; N/A                                     ; None                                                ; 15.106 ns       ; SW[15] ; HEX0[6]  ;
; N/A                                     ; None                                                ; 15.092 ns       ; SW[16] ; HEX2[6]  ;
; N/A                                     ; None                                                ; 15.072 ns       ; SW[15] ; LEDG[10] ;
; N/A                                     ; None                                                ; 15.069 ns       ; SW[17] ; HEX3[0]  ;
; N/A                                     ; None                                                ; 15.054 ns       ; SW[17] ; HEX3[3]  ;
; N/A                                     ; None                                                ; 15.017 ns       ; SW[13] ; LEDG[13] ;
; N/A                                     ; None                                                ; 14.983 ns       ; SW[15] ; LEDG[1]  ;
; N/A                                     ; None                                                ; 14.977 ns       ; SW[17] ; HEX3[6]  ;
; N/A                                     ; None                                                ; 14.971 ns       ; SW[16] ; LEDG[8]  ;
; N/A                                     ; None                                                ; 14.933 ns       ; SW[17] ; HEX2[6]  ;
; N/A                                     ; None                                                ; 14.932 ns       ; SW[15] ; LEDG[0]  ;
; N/A                                     ; None                                                ; 14.832 ns       ; SW[16] ; HEX3[1]  ;
; N/A                                     ; None                                                ; 14.832 ns       ; SW[16] ; HEX3[2]  ;
; N/A                                     ; None                                                ; 14.812 ns       ; SW[17] ; LEDG[8]  ;
; N/A                                     ; None                                                ; 14.775 ns       ; SW[14] ; HEX4[6]  ;
; N/A                                     ; None                                                ; 14.761 ns       ; SW[14] ; HEX4[4]  ;
; N/A                                     ; None                                                ; 14.761 ns       ; SW[14] ; HEX4[5]  ;
; N/A                                     ; None                                                ; 14.754 ns       ; SW[14] ; HEX4[3]  ;
; N/A                                     ; None                                                ; 14.721 ns       ; SW[16] ; HEX0[2]  ;
; N/A                                     ; None                                                ; 14.714 ns       ; SW[16] ; LEDG[6]  ;
; N/A                                     ; None                                                ; 14.711 ns       ; SW[16] ; HEX0[1]  ;
; N/A                                     ; None                                                ; 14.673 ns       ; SW[17] ; HEX3[1]  ;
; N/A                                     ; None                                                ; 14.673 ns       ; SW[17] ; HEX3[2]  ;
; N/A                                     ; None                                                ; 14.660 ns       ; SW[15] ; LEDG[14] ;
; N/A                                     ; None                                                ; 14.623 ns       ; SW[16] ; LEDG[3]  ;
; N/A                                     ; None                                                ; 14.603 ns       ; SW[15] ; LEDG[7]  ;
; N/A                                     ; None                                                ; 14.599 ns       ; SW[14] ; HEX2[3]  ;
; N/A                                     ; None                                                ; 14.586 ns       ; SW[14] ; HEX3[5]  ;
; N/A                                     ; None                                                ; 14.584 ns       ; SW[15] ; LEDG[4]  ;
; N/A                                     ; None                                                ; 14.575 ns       ; SW[17] ; HEX0[2]  ;
; N/A                                     ; None                                                ; 14.574 ns       ; SW[15] ; LEDG[2]  ;
; N/A                                     ; None                                                ; 14.568 ns       ; SW[14] ; HEX2[4]  ;
; N/A                                     ; None                                                ; 14.568 ns       ; SW[14] ; HEX2[5]  ;
; N/A                                     ; None                                                ; 14.565 ns       ; SW[17] ; LEDG[3]  ;
; N/A                                     ; None                                                ; 14.565 ns       ; SW[17] ; HEX0[1]  ;
; N/A                                     ; None                                                ; 14.560 ns       ; SW[16] ; LEDG[5]  ;
; N/A                                     ; None                                                ; 14.560 ns       ; SW[16] ; HEX1[6]  ;
; N/A                                     ; None                                                ; 14.555 ns       ; SW[17] ; LEDG[6]  ;
; N/A                                     ; None                                                ; 14.543 ns       ; SW[16] ; LEDG[1]  ;
; N/A                                     ; None                                                ; 14.538 ns       ; SW[14] ; HEX0[0]  ;
; N/A                                     ; None                                                ; 14.534 ns       ; SW[16] ; HEX0[6]  ;
; N/A                                     ; None                                                ; 14.529 ns       ; SW[14] ; HEX2[6]  ;
; N/A                                     ; None                                                ; 14.500 ns       ; SW[16] ; LEDG[10] ;
; N/A                                     ; None                                                ; 14.492 ns       ; SW[16] ; LEDG[0]  ;
; N/A                                     ; None                                                ; 14.477 ns       ; SW[13] ; HEX3[5]  ;
; N/A                                     ; None                                                ; 14.475 ns       ; SW[14] ; HEX4[0]  ;
; N/A                                     ; None                                                ; 14.408 ns       ; SW[14] ; LEDG[8]  ;
; N/A                                     ; None                                                ; 14.401 ns       ; SW[17] ; LEDG[5]  ;
; N/A                                     ; None                                                ; 14.401 ns       ; SW[17] ; HEX1[6]  ;
; N/A                                     ; None                                                ; 14.397 ns       ; SW[17] ; LEDG[1]  ;
; N/A                                     ; None                                                ; 14.385 ns       ; SW[14] ; HEX1[5]  ;
; N/A                                     ; None                                                ; 14.333 ns       ; SW[17] ; LEDG[0]  ;
; N/A                                     ; None                                                ; 14.310 ns       ; SW[15] ; LEDG[11] ;
; N/A                                     ; None                                                ; 14.305 ns       ; SW[17] ; HEX0[6]  ;
; N/A                                     ; None                                                ; 14.299 ns       ; SW[14] ; HEX3[4]  ;
; N/A                                     ; None                                                ; 14.295 ns       ; SW[14] ; HEX0[4]  ;
; N/A                                     ; None                                                ; 14.292 ns       ; SW[14] ; HEX3[6]  ;
; N/A                                     ; None                                                ; 14.285 ns       ; SW[14] ; HEX0[3]  ;
; N/A                                     ; None                                                ; 14.282 ns       ; SW[14] ; HEX0[5]  ;
; N/A                                     ; None                                                ; 14.257 ns       ; SW[14] ; HEX3[0]  ;
; N/A                                     ; None                                                ; 14.248 ns       ; SW[14] ; HEX2[0]  ;
; N/A                                     ; None                                                ; 14.247 ns       ; SW[14] ; HEX3[3]  ;
; N/A                                     ; None                                                ; 14.201 ns       ; SW[15] ; LEDG[9]  ;
; N/A                                     ; None                                                ; 14.191 ns       ; SW[13] ; HEX3[6]  ;
; N/A                                     ; None                                                ; 14.190 ns       ; SW[13] ; HEX3[4]  ;
; N/A                                     ; None                                                ; 14.151 ns       ; SW[13] ; HEX3[0]  ;
; N/A                                     ; None                                                ; 14.147 ns       ; SW[14] ; HEX1[3]  ;
; N/A                                     ; None                                                ; 14.144 ns       ; SW[16] ; LEDG[4]  ;
; N/A                                     ; None                                                ; 14.138 ns       ; SW[16] ; LEDG[7]  ;
; N/A                                     ; None                                                ; 14.135 ns       ; SW[13] ; HEX3[3]  ;
; N/A                                     ; None                                                ; 14.088 ns       ; SW[16] ; LEDG[14] ;
; N/A                                     ; None                                                ; 14.079 ns       ; SW[14] ; HEX1[4]  ;
; N/A                                     ; None                                                ; 14.041 ns       ; SW[13] ; HEX2[3]  ;
; N/A                                     ; None                                                ; 14.037 ns       ; SW[14] ; HEX1[0]  ;
; N/A                                     ; None                                                ; 14.027 ns       ; SW[13] ; HEX2[2]  ;
; N/A                                     ; None                                                ; 14.005 ns       ; SW[13] ; HEX2[4]  ;
; N/A                                     ; None                                                ; 14.005 ns       ; SW[13] ; HEX2[5]  ;
; N/A                                     ; None                                                ; 14.002 ns       ; SW[16] ; LEDG[2]  ;
; N/A                                     ; None                                                ; 13.991 ns       ; SW[17] ; LEDG[10] ;
; N/A                                     ; None                                                ; 13.987 ns       ; SW[13] ; HEX2[1]  ;
; N/A                                     ; None                                                ; 13.985 ns       ; SW[17] ; LEDG[4]  ;
; N/A                                     ; None                                                ; 13.979 ns       ; SW[17] ; LEDG[7]  ;
; N/A                                     ; None                                                ; 13.971 ns       ; SW[13] ; HEX2[6]  ;
; N/A                                     ; None                                                ; 13.931 ns       ; SW[13] ; HEX0[0]  ;
; N/A                                     ; None                                                ; 13.907 ns       ; SW[13] ; HEX3[1]  ;
; N/A                                     ; None                                                ; 13.907 ns       ; SW[13] ; HEX3[2]  ;
; N/A                                     ; None                                                ; 13.901 ns       ; SW[13] ; HEX1[5]  ;
; N/A                                     ; None                                                ; 13.826 ns       ; SW[17] ; LEDG[14] ;
; N/A                                     ; None                                                ; 13.761 ns       ; SW[16] ; LEDG[9]  ;
; N/A                                     ; None                                                ; 13.753 ns       ; SW[16] ; LEDG[11] ;
; N/A                                     ; None                                                ; 13.748 ns       ; SW[17] ; LEDG[2]  ;
; N/A                                     ; None                                                ; 13.702 ns       ; SW[13] ; LEDG[10] ;
; N/A                                     ; None                                                ; 13.688 ns       ; SW[13] ; HEX2[0]  ;
; N/A                                     ; None                                                ; 13.685 ns       ; SW[13] ; HEX1[2]  ;
; N/A                                     ; None                                                ; 13.684 ns       ; SW[13] ; HEX0[4]  ;
; N/A                                     ; None                                                ; 13.671 ns       ; SW[13] ; HEX0[3]  ;
; Timing analysis restricted to 200 rows. ; To change the limit use Settings (Assignments menu) ;                 ;        ;          ;
+-----------------------------------------+-----------------------------------------------------+-----------------+--------+----------+


+--------------------------+
; Timing Analyzer Messages ;
+--------------------------+
Info: *******************************************************************
Info: Running Quartus II Classic Timing Analyzer
    Info: Version 9.0 Build 132 02/25/2009 SJ Full Version
    Info: Processing started: Mon Oct 29 10:26:50 2018
Info: Command: quartus_tan --read_settings_files=off --write_settings_files=off five_char_dis -c five_char_dis --timing_analysis_only
Info: Parallel compilation is enabled and will use 2 of the 2 processors detected
Info: Longest tpd from source pin "SW[15]" to destination pin "HEX4[1]" is 18.219 ns
    Info: 1: + IC(0.000 ns) + CELL(0.832 ns) = 0.832 ns; Loc. = PIN_U4; Fanout = 23; PIN Node = 'SW[15]'
    Info: 2: + IC(6.875 ns) + CELL(0.420 ns) = 8.127 ns; Loc. = LCCOMB_X50_Y5_N8; Fanout = 22; COMB Node = 'five_to_one_mult_comp:M1|Mux0~1'
    Info: 3: + IC(0.769 ns) + CELL(0.271 ns) = 9.167 ns; Loc. = LCCOMB_X49_Y5_N4; Fanout = 1; COMB Node = 'five_to_one_mult_comp:M4|Mux2~0'
    Info: 4: + IC(0.252 ns) + CELL(0.275 ns) = 9.694 ns; Loc. = LCCOMB_X49_Y5_N14; Fanout = 1; COMB Node = 'five_to_one_mult_comp:M4|Mux2~1'
    Info: 5: + IC(0.425 ns) + CELL(0.438 ns) = 10.557 ns; Loc. = LCCOMB_X50_Y5_N14; Fanout = 5; COMB Node = 'five_to_one_mult_comp:M4|Mux2~2'
    Info: 6: + IC(4.145 ns) + CELL(0.398 ns) = 15.100 ns; Loc. = LCCOMB_X1_Y13_N14; Fanout = 2; COMB Node = 'seven_seg_comp:H4|Dispaly[2]~16'
    Info: 7: + IC(0.477 ns) + CELL(2.642 ns) = 18.219 ns; Loc. = PIN_U1; Fanout = 0; PIN Node = 'HEX4[1]'
    Info: Total cell delay = 5.276 ns ( 28.96 % )
    Info: Total interconnect delay = 12.943 ns ( 71.04 % )
Info: Quartus II Classic Timing Analyzer was successful. 0 errors, 0 warnings
    Info: Peak virtual memory: 217 megabytes
    Info: Processing ended: Mon Oct 29 10:26:51 2018
    Info: Elapsed time: 00:00:01
    Info: Total CPU time (on all processors): 00:00:00


