Classic Timing Analyzer report for five_to_one_mult_comp
Sun Oct 28 17:58:53 2018
Quartus II Version 9.0 Build 132 02/25/2009 SJ Full Version


---------------------
; Table of Contents ;
---------------------
  1. Legal Notice
  2. Timing Analyzer Summary
  3. Timing Analyzer Settings
  4. Parallel Compilation
  5. tpd
  6. Timing Analyzer Messages



----------------
; Legal Notice ;
----------------
Copyright (C) 1991-2009 Altera Corporation
Your use of Altera Corporation's design tools, logic functions 
and other software and tools, and its AMPP partner logic 
functions, and any output files from any of the foregoing 
(including device programming or simulation files), and any 
associated documentation or information are expressly subject 
to the terms and conditions of the Altera Program License 
Subscription Agreement, Altera MegaCore Function License 
Agreement, or other applicable license agreement, including, 
without limitation, that your use is for the sole purpose of 
programming logic devices manufactured by Altera and sold by 
Altera or its authorized distributors.  Please refer to the 
applicable agreement for further details.



+-------------------------------------------------------------------------------------------------------------------------+
; Timing Analyzer Summary                                                                                                 ;
+------------------------------+-------+---------------+-------------+------+------+------------+----------+--------------+
; Type                         ; Slack ; Required Time ; Actual Time ; From ; To   ; From Clock ; To Clock ; Failed Paths ;
+------------------------------+-------+---------------+-------------+------+------+------------+----------+--------------+
; Worst-case tpd               ; N/A   ; None          ; 11.743 ns   ; S[1] ; M[1] ; --         ; --       ; 0            ;
; Total number of failed paths ;       ;               ;             ;      ;      ;            ;          ; 0            ;
+------------------------------+-------+---------------+-------------+------+------+------------+----------+--------------+


+--------------------------------------------------------------------------------------------------------------------+
; Timing Analyzer Settings                                                                                           ;
+---------------------------------------------------------------------+--------------------+------+----+-------------+
; Option                                                              ; Setting            ; From ; To ; Entity Name ;
+---------------------------------------------------------------------+--------------------+------+----+-------------+
; Device Name                                                         ; EP2C35F672C6       ;      ;    ;             ;
; Timing Models                                                       ; Final              ;      ;    ;             ;
; Default hold multicycle                                             ; Same as Multicycle ;      ;    ;             ;
; Cut paths between unrelated clock domains                           ; On                 ;      ;    ;             ;
; Cut off read during write signal paths                              ; On                 ;      ;    ;             ;
; Cut off feedback from I/O pins                                      ; On                 ;      ;    ;             ;
; Report Combined Fast/Slow Timing                                    ; Off                ;      ;    ;             ;
; Ignore Clock Settings                                               ; Off                ;      ;    ;             ;
; Analyze latches as synchronous elements                             ; On                 ;      ;    ;             ;
; Enable Recovery/Removal analysis                                    ; Off                ;      ;    ;             ;
; Enable Clock Latency                                                ; Off                ;      ;    ;             ;
; Use TimeQuest Timing Analyzer                                       ; Off                ;      ;    ;             ;
; Minimum Core Junction Temperature                                   ; 0                  ;      ;    ;             ;
; Maximum Core Junction Temperature                                   ; 85                 ;      ;    ;             ;
; Number of source nodes to report per destination node               ; 10                 ;      ;    ;             ;
; Number of destination nodes to report                               ; 10                 ;      ;    ;             ;
; Number of paths to report                                           ; 200                ;      ;    ;             ;
; Report Minimum Timing Checks                                        ; Off                ;      ;    ;             ;
; Use Fast Timing Models                                              ; Off                ;      ;    ;             ;
; Report IO Paths Separately                                          ; Off                ;      ;    ;             ;
; Perform Multicorner Analysis                                        ; On                 ;      ;    ;             ;
; Reports the worst-case path for each clock domain and analysis      ; Off                ;      ;    ;             ;
; Removes common clock path pessimism (CCPP) during slack computation ; Off                ;      ;    ;             ;
; Output I/O Timing Endpoint                                          ; Near End           ;      ;    ;             ;
+---------------------------------------------------------------------+--------------------+------+----+-------------+


+------------------------------------------+
; Parallel Compilation                     ;
+----------------------------+-------------+
; Processors                 ; Number      ;
+----------------------------+-------------+
; Number detected on machine ; 2           ;
; Maximum allowed            ; 2           ;
;                            ;             ;
; Average used               ; 1.00        ;
; Maximum used               ; 1           ;
;                            ;             ;
; Usage by Processor         ; % Time Used ;
;     1 processor            ; 100.0%      ;
;     2 processors           ;   0.0%      ;
+----------------------------+-------------+


+-----------------------------------------------------------+
; tpd                                                       ;
+-------+-------------------+-----------------+------+------+
; Slack ; Required P2P Time ; Actual P2P Time ; From ; To   ;
+-------+-------------------+-----------------+------+------+
; N/A   ; None              ; 11.743 ns       ; S[1] ; M[1] ;
; N/A   ; None              ; 11.472 ns       ; S[1] ; M[2] ;
; N/A   ; None              ; 11.207 ns       ; U[2] ; M[2] ;
; N/A   ; None              ; 10.963 ns       ; W[1] ; M[1] ;
; N/A   ; None              ; 10.930 ns       ; S[0] ; M[1] ;
; N/A   ; None              ; 10.864 ns       ; V[1] ; M[1] ;
; N/A   ; None              ; 10.851 ns       ; S[1] ; M[0] ;
; N/A   ; None              ; 10.659 ns       ; S[0] ; M[2] ;
; N/A   ; None              ; 10.631 ns       ; U[1] ; M[1] ;
; N/A   ; None              ; 10.449 ns       ; X[1] ; M[1] ;
; N/A   ; None              ; 10.384 ns       ; X[0] ; M[0] ;
; N/A   ; None              ; 10.261 ns       ; W[2] ; M[2] ;
; N/A   ; None              ; 10.099 ns       ; V[2] ; M[2] ;
; N/A   ; None              ; 10.038 ns       ; S[0] ; M[0] ;
; N/A   ; None              ; 10.009 ns       ; W[0] ; M[0] ;
; N/A   ; None              ; 9.956 ns        ; U[0] ; M[0] ;
; N/A   ; None              ; 9.891 ns        ; X[2] ; M[2] ;
; N/A   ; None              ; 9.467 ns        ; Y[1] ; M[1] ;
; N/A   ; None              ; 9.395 ns        ; V[0] ; M[0] ;
; N/A   ; None              ; 9.259 ns        ; Y[2] ; M[2] ;
; N/A   ; None              ; 9.195 ns        ; S[2] ; M[2] ;
; N/A   ; None              ; 9.188 ns        ; S[2] ; M[1] ;
; N/A   ; None              ; 8.986 ns        ; Y[0] ; M[0] ;
; N/A   ; None              ; 8.924 ns        ; S[2] ; M[0] ;
+-------+-------------------+-----------------+------+------+


+--------------------------+
; Timing Analyzer Messages ;
+--------------------------+
Info: *******************************************************************
Info: Running Quartus II Classic Timing Analyzer
    Info: Version 9.0 Build 132 02/25/2009 SJ Full Version
    Info: Processing started: Sun Oct 28 17:58:52 2018
Info: Command: quartus_tan --read_settings_files=off --write_settings_files=off five_to_one_mult_comp -c five_to_one_mult_comp --timing_analysis_only
Info: Parallel compilation is enabled and will use 2 of the 2 processors detected
Info: Longest tpd from source pin "S[1]" to destination pin "M[1]" is 11.743 ns
    Info: 1: + IC(0.000 ns) + CELL(0.860 ns) = 0.860 ns; Loc. = PIN_C6; Fanout = 5; PIN Node = 'S[1]'
    Info: 2: + IC(5.824 ns) + CELL(0.275 ns) = 6.959 ns; Loc. = LCCOMB_X1_Y4_N0; Fanout = 1; COMB Node = 'Mux1~0'
    Info: 3: + IC(0.262 ns) + CELL(0.420 ns) = 7.641 ns; Loc. = LCCOMB_X1_Y4_N10; Fanout = 1; COMB Node = 'Mux1~1'
    Info: 4: + IC(0.263 ns) + CELL(0.438 ns) = 8.342 ns; Loc. = LCCOMB_X1_Y4_N12; Fanout = 1; COMB Node = 'Mux1~2'
    Info: 5: + IC(0.739 ns) + CELL(2.662 ns) = 11.743 ns; Loc. = PIN_AC1; Fanout = 0; PIN Node = 'M[1]'
    Info: Total cell delay = 4.655 ns ( 39.64 % )
    Info: Total interconnect delay = 7.088 ns ( 60.36 % )
Info: Quartus II Classic Timing Analyzer was successful. 0 errors, 0 warnings
    Info: Peak virtual memory: 216 megabytes
    Info: Processing ended: Sun Oct 28 17:58:53 2018
    Info: Elapsed time: 00:00:01
    Info: Total CPU time (on all processors): 00:00:00


